<?xml version="1.0" encoding="UTF-8"?>
<!-- Generated by org.testng.reporters.JUnitReportReporter -->
<testsuite hostname="LAPTOP-RDJ3O5HB" failures="0" tests="1" name="test.Login" time="9.440" errors="0" timestamp="2021-10-19T20:04:32 CDT" skipped="0">
  <testcase classname="test.Login" name="posLogin" time="9.440"/>
  <system-out/>
</testsuite> <!-- test.Login -->
